<?xml version="1.0" encoding="UTF-8"?>
<!-- Generated by org.testng.reporters.JUnitReportReporter -->
<testsuite skipped="0" hostname="Swapan" name="com.pdfReader.PdfReaderTest" tests="1" failures="0" timestamp="03 Feb 2019 05:09:07 GMT" time="0.797" errors="0">
  <testcase name="readerPdfTest" time="0.797" classname="com.pdfReader.PdfReaderTest"/>
</testsuite> <!-- com.pdfReader.PdfReaderTest -->
